2018-03-18 14:34:11 570 [main] DEBUG t.bilian.myblog.dao.ArticleDao.getArticleInitInfo-==>  Preparing: SELECT article_id, article_name, article_type_id, article_owner_id, article_last_edit_time FROM tb_article WHERE article_owner_id = ? ORDER BY article_id ASC LIMIT ?,? 
2018-03-18 14:34:11 663 [main] DEBUG t.bilian.myblog.dao.ArticleDao.getArticleInitInfo-==> Parameters: 1(Long), 0(Integer), 10(Integer)
2018-03-18 14:34:11 708 [main] DEBUG t.bilian.myblog.dao.ArticleDao.getArticleInitInfo-<==      Total: 6
2018-03-18 17:49:30 623 [main] DEBUG tech.bilian.myblog.dao.UserDao.selectUserById-==>  Preparing: SELECT user_id, user_name, user_password, user_image, create_time, last_edit_time, user_desc FROM tb_user WHERE user_id = ?; 
2018-03-18 17:49:30 698 [main] DEBUG tech.bilian.myblog.dao.UserDao.selectUserById-==> Parameters: 1(Integer)
2018-03-18 17:49:30 736 [main] DEBUG tech.bilian.myblog.dao.UserDao.selectUserById-<==      Total: 1
2018-03-18 18:23:50 801 [main] DEBUG tech.bilian.myblog.dao.UserDao.selectUserById-==>  Preparing: SELECT user_id, user_name, user_password, user_image, create_time, last_edit_time, user_desc FROM tb_user WHERE user_id = ?; 
2018-03-18 18:23:50 853 [main] DEBUG tech.bilian.myblog.dao.UserDao.selectUserById-==> Parameters: 1(Integer)
2018-03-18 18:23:50 886 [main] DEBUG tech.bilian.myblog.dao.UserDao.selectUserById-<==      Total: 1
2018-03-18 18:25:45 353 [main] DEBUG t.b.m.dao.ArticleTypeDao.selectFullArticleTypeById-==>  Preparing: SELECT article_type_id, article_type_name, priority, article_type_desc, create_time, last_edit_time FROM tb_article_type WHERE article_type_id=? 
2018-03-18 18:25:45 472 [main] DEBUG t.b.m.dao.ArticleTypeDao.selectFullArticleTypeById-==> Parameters: 4(Integer)
2018-03-18 18:42:45 256 [main] DEBUG t.b.m.dao.ArticleTypeDao.selectArticleTypeById-==>  Preparing: SELECT article_type_id, article_type_name, priority, article_type_desc, create_time, last_edit_time FROM tb_article_type WHERE article_type_id=? 
2018-03-18 18:42:45 467 [main] DEBUG t.b.m.dao.ArticleTypeDao.selectArticleTypeById-==> Parameters: 4(Integer)
2018-03-18 18:42:45 555 [main] DEBUG t.b.m.dao.ArticleTypeDao.selectArticleTypeById-<==      Total: 1
2018-03-18 18:56:25 145 [main] DEBUG t.b.m.dao.ArticleTypeDao.selectFullArticleTypeById-==>  Preparing: SELECT ty1.article_type_id, ty1.article_type_name, ty1.priority, ty1.article_type_desc, ty1.create_time, ty1.last_edit_time ty2.article_type_id parent_article_type_id, ty2.article_type_name parent_article_type_name, ty2.priority parent_priority, ty2.article_type_desc parent_article_type_desc, ty2.create_time parent_create_time, ty2.last_edit_time parent_last_edit_time FROM tb_article_type ty1, tbtb_article_type ty2 WHERE ty1.parent_id = ty2.article_type_id article_type_id=? 
2018-03-18 18:56:25 208 [main] DEBUG t.b.m.dao.ArticleTypeDao.selectFullArticleTypeById-==> Parameters: 4(Integer)
2018-03-18 18:57:10 009 [main] DEBUG t.b.m.dao.ArticleTypeDao.selectFullArticleTypeById-==>  Preparing: SELECT ty1.article_type_id, ty1.article_type_name, ty1.priority, ty1.article_type_desc, ty1.create_time, ty1.last_edit_time, ty2.article_type_id parent_article_type_id, ty2.article_type_name parent_article_type_name, ty2.priority parent_priority, ty2.article_type_desc parent_article_type_desc, ty2.create_time parent_create_time, ty2.last_edit_time parent_last_edit_time FROM tb_article_type ty1, tbtb_article_type ty2 WHERE ty1.parent_id = ty2.article_type_id article_type_id=? 
2018-03-18 18:57:10 061 [main] DEBUG t.b.m.dao.ArticleTypeDao.selectFullArticleTypeById-==> Parameters: 4(Integer)
2018-03-18 18:57:48 008 [main] DEBUG t.b.m.dao.ArticleTypeDao.selectFullArticleTypeById-==>  Preparing: SELECT ty1.article_type_id, ty1.article_type_name, ty1.priority, ty1.article_type_desc, ty1.create_time, ty1.last_edit_time, ty2.article_type_id parent_article_type_id, ty2.article_type_name parent_article_type_name, ty2.priority parent_priority, ty2.article_type_desc parent_article_type_desc, ty2.create_time parent_create_time, ty2.last_edit_time parent_last_edit_time FROM tb_article_type ty1, tbtb_article_type ty2 WHERE ty1.parent_id = ty2.article_type_id AND article_type_id=? 
2018-03-18 18:57:48 071 [main] DEBUG t.b.m.dao.ArticleTypeDao.selectFullArticleTypeById-==> Parameters: 4(Integer)
2018-03-18 18:58:15 337 [main] DEBUG t.b.m.dao.ArticleTypeDao.selectFullArticleTypeById-==>  Preparing: SELECT ty1.article_type_id, ty1.article_type_name, ty1.priority, ty1.article_type_desc, ty1.create_time, ty1.last_edit_time, ty2.article_type_id parent_article_type_id, ty2.article_type_name parent_article_type_name, ty2.priority parent_priority, ty2.article_type_desc parent_article_type_desc, ty2.create_time parent_create_time, ty2.last_edit_time parent_last_edit_time FROM tb_article_type ty1, tb_article_type ty2 WHERE ty1.parent_id = ty2.article_type_id AND article_type_id=? 
2018-03-18 18:58:15 403 [main] DEBUG t.b.m.dao.ArticleTypeDao.selectFullArticleTypeById-==> Parameters: 4(Integer)
2018-03-18 18:59:59 869 [main] DEBUG t.b.m.dao.ArticleTypeDao.selectFullArticleTypeById-==>  Preparing: SELECT ty1.article_type_id, ty1.article_type_name, ty1.priority, ty1.article_type_desc, ty1.create_time, ty1.last_edit_time, ty2.article_type_id parent_article_type_id, ty2.article_type_name parent_article_type_name, ty2.priority parent_priority, ty2.article_type_desc parent_article_type_desc, ty2.create_time parent_create_time, ty2.last_edit_time parent_last_edit_time FROM tb_article_type ty1, tb_article_type ty2 WHERE ty1.parent_id = ty2.article_type_id AND ty1.article_type_id=? 
2018-03-18 18:59:59 947 [main] DEBUG t.b.m.dao.ArticleTypeDao.selectFullArticleTypeById-==> Parameters: 4(Integer)
2018-03-18 18:59:59 991 [main] DEBUG t.b.m.dao.ArticleTypeDao.selectFullArticleTypeById-<==      Total: 1
2018-03-18 21:22:05 446 [main] DEBUG t.b.m.dao.ArticleTypeDao.selectFullArticleTypeById-==>  Preparing: SELECT ty1.article_type_id, ty1.article_type_name, ty1.priority, ty1.article_type_desc, ty1.create_time, ty1.last_edit_time, ty2.article_type_id parent_article_type_id, ty2.article_type_name parent_article_type_name, ty2.priority parent_priority, ty2.article_type_desc parent_article_type_desc, ty2.create_time parent_create_time, ty2.last_edit_time parent_last_edit_time FROM tb_article_type ty1, tb_article_type ty2 WHERE ty1.parent_id = ty2.article_type_id AND ty1.article_type_id=? 
2018-03-18 21:22:05 527 [main] DEBUG t.b.m.dao.ArticleTypeDao.selectFullArticleTypeById-==> Parameters: 4(Integer)
2018-03-18 21:22:05 559 [main] DEBUG t.b.m.dao.ArticleTypeDao.selectFullArticleTypeById-<==      Total: 1
